<?xml version="1.0" encoding="UTF-8"?>
<!-- Generated by org.testng.reporters.JUnitReportReporter -->
<testsuite hostname="bunty" name="buntytestng.Test3" tests="1" failures="0" timestamp="29 Oct 2019 07:54:09 GMT" time="0.015" errors="0">
  <testcase name="open" time="0.015" classname="buntytestng.Test3"/>
</testsuite> <!-- buntytestng.Test3 -->
