<?xml version="1.0" encoding="UTF-8"?>
<!-- Generated by org.testng.reporters.JUnitReportReporter -->
<testsuite hostname="bunty" name="buntytestng.Test2" tests="1" failures="0" timestamp="29 Oct 2019 07:54:09 GMT" time="0.000" errors="0">
  <testcase name="open" time="0.000" classname="buntytestng.Test2"/>
</testsuite> <!-- buntytestng.Test2 -->
